[debug] [2017-12-20T16:16:59.394Z] ----------------------------------------------------------------------
[debug] [2017-12-20T16:16:59.396Z] Command:       /usr/local/bin/node /Users/Min/nodejs/dec/amp-1/node_modules/.bin/firebase serve --only functions
[debug] [2017-12-20T16:16:59.397Z] CLI Version:   3.16.0
[debug] [2017-12-20T16:16:59.397Z] Platform:      darwin
[debug] [2017-12-20T16:16:59.397Z] Node Version:  v8.9.3
[debug] [2017-12-20T16:16:59.397Z] Time:          Wed Dec 20 2017 17:16:59 GMT+0100 (CET)
[debug] [2017-12-20T16:16:59.397Z] ----------------------------------------------------------------------
[debug] 
[debug] [2017-12-20T16:16:59.408Z] > command requires scopes: ["email","openid","https://www.googleapis.com/auth/cloudplatformprojects.readonly","https://www.googleapis.com/auth/firebase","https://www.googleapis.com/auth/cloud-platform"]
[debug] [2017-12-20T16:16:59.409Z] > authorizing via signed-in user
[debug] [2017-12-20T16:16:59.411Z] >>> HTTP REQUEST GET https://admin.firebase.com/v1/projects/amp-11  
  
 Wed Dec 20 2017 17:16:59 GMT+0100 (CET)
[debug] [2017-12-20T16:17:00.213Z] <<< HTTP RESPONSE 200
[debug] [2017-12-20T16:17:00.214Z] >>> HTTP REQUEST GET https://admin.firebase.com/v1/database/amp-11/tokens  
  
 Wed Dec 20 2017 17:17:00 GMT+0100 (CET)
[debug] [2017-12-20T16:17:00.962Z] <<< HTTP RESPONSE 200
[info] 
[info] === Serving from '/Users/Min/nodejs/dec/amp-1'...
[info] 
[info] i  functions: Preparing to emulate functions.
[debug] [2017-12-20T16:17:01.546Z] >>> HTTP REQUEST GET https://appengine.googleapis.com/v1/apps/amp-11  
  
 Wed Dec 20 2017 17:17:01 GMT+0100 (CET)
[debug] [2017-12-20T16:17:01.547Z] >>> HTTP REQUEST GET https://apikeys.googleapis.com/v1/projects/amp-11/apiKeys  
  
 Wed Dec 20 2017 17:17:01 GMT+0100 (CET)
[debug] [2017-12-20T16:17:02.601Z] <<< HTTP RESPONSE 200
[debug] [2017-12-20T16:17:02.650Z] <<< HTTP RESPONSE 200
[info] ✔  functions: helloWorld: http://localhost:5000/amp-11/us-central1/helloWorld
